#
# There is insufficient memory for the Java Runtime Environment to continue.
# Native memory allocation (malloc) failed to allocate 65552 bytes for Chunk::new
# Possible reasons:
#   The system is out of physical RAM or swap space
#   The process is running with CompressedOops enabled, and the Java Heap may be blocking the growth of the native heap
# Possible solutions:
#   Reduce memory load on the system
#   Increase physical memory or swap space
#   Check if swap backing store is full
#   Decrease Java heap size (-Xmx/-Xms)
#   Decrease number of Java threads
#   Decrease Java thread stack sizes (-Xss)
#   Set larger code cache with -XX:ReservedCodeCacheSize=
#   JVM is running with Unscaled Compressed Oops mode in which the Java heap is
#     placed in the first 4GB address space. The Java Heap base address is the
#     maximum limit for the native heap growth. Please use -XX:HeapBaseMinAddress
#     to set the Java Heap base and to place the Java Heap above 4GB virtual address.
# This output file may be truncated or incomplete.
#
#  Out of Memory Error (arena.cpp:168), pid=4080, tid=11992
#
# JRE version: Java(TM) SE Runtime Environment (21.0.2+13) (build 21.0.2+13-LTS-58)
# Java VM: Java HotSpot(TM) 64-Bit Server VM (21.0.2+13-LTS-58, mixed mode, sharing, tiered, compressed oops, compressed class ptrs, g1 gc, windows-amd64)
# No core dump will be written. Minidumps are not enabled by default on client versions of Windows
#

---------------  S U M M A R Y ------------

Command Line: -Dclassworlds.conf=C:\Users\Dell\.m2\wrapper\dists\apache-maven-3.9.9\977a63e90f436cd6ade95b4c0e10c20c\bin\m2.conf -Dmaven.home=C:\Users\Dell\.m2\wrapper\dists\apache-maven-3.9.9\977a63e90f436cd6ade95b4c0e10c20c -Dlibrary.jansi.path=C:\Users\Dell\.m2\wrapper\dists\apache-maven-3.9.9\977a63e90f436cd6ade95b4c0e10c20c\lib\jansi-native -Dmaven.multiModuleProjectDirectory=D:\HomeService\HomeService-backend org.codehaus.plexus.classworlds.launcher.Launcher clean install

Host: 11th Gen Intel(R) Core(TM) i5-1135G7 @ 2.40GHz, 8 cores, 7G,  Windows 11 , 64 bit Build 22621 (10.0.22621.3235)
Time: Fri Feb 21 19:05:17 2025 SE Asia Standard Time elapsed time: 15.379551 seconds (0d 0h 0m 15s)

---------------  T H R E A D  ---------------

Current thread (0x00000265b9a529a0):  JavaThread "C2 CompilerThread0" daemon [_thread_in_native, id=11992, stack(0x000000aa56200000,0x000000aa56300000) (1024K)]


Current CompileTask:
C2:  15379 5039       4       org.apache.maven.model.inheritance.DefaultInheritanceAssembler$InheritanceModelMerger::putAll (74 bytes)

Stack: [0x000000aa56200000,0x000000aa56300000]
Native frames: (J=compiled Java code, j=interpreted, Vv=VM code, C=native code)
V  [jvm.dll+0x6cade9]
V  [jvm.dll+0x8569c1]
V  [jvm.dll+0x858d2e]
V  [jvm.dll+0x859413]
V  [jvm.dll+0x280e56]
V  [jvm.dll+0xc3f3d]
V  [jvm.dll+0xc4473]
V  [jvm.dll+0xc4065]
V  [jvm.dll+0x7200dc]
V  [jvm.dll+0x5ff7b7]
V  [jvm.dll+0x7492ac]
V  [jvm.dll+0x7484ab]
V  [jvm.dll+0x60b6c1]
V  [jvm.dll+0x60b43a]
V  [jvm.dll+0x5f5753]
V  [jvm.dll+0x252d7f]
V  [jvm.dll+0x24b589]
V  [jvm.dll+0x2490a3]
V  [jvm.dll+0x1c9634]
V  [jvm.dll+0x258859]
V  [jvm.dll+0x256e3a]
V  [jvm.dll+0x3ef6c6]
V  [jvm.dll+0x7ff568]
V  [jvm.dll+0x6c953d]
C  [ucrtbase.dll+0x29363]
C  [KERNEL32.DLL+0x1257d]
C  [ntdll.dll+0x5aa58]


---------------  P R O C E S S  ---------------

Threads class SMR info:
_java_thread_list=0x00000265b9f00600, length=12, elements={
0x000002659afb3150, 0x00000265b9a3c6d0, 0x00000265b9a3d4e0, 0x00000265b9a3f1a0,
0x00000265b9a3fcf0, 0x00000265b9a40970, 0x00000265b9a415f0, 0x00000265b9a529a0,
0x00000265b9a56460, 0x00000265b9d0fcd0, 0x00000265b9d22c70, 0x00000265802b4f50
}

Java Threads: ( => current thread )
  0x000002659afb3150 JavaThread "main"                              [_thread_in_native, id=17700, stack(0x000000aa55400000,0x000000aa55500000) (1024K)]
  0x00000265b9a3c6d0 JavaThread "Reference Handler"          daemon [_thread_blocked, id=14116, stack(0x000000aa55c00000,0x000000aa55d00000) (1024K)]
  0x00000265b9a3d4e0 JavaThread "Finalizer"                  daemon [_thread_blocked, id=23212, stack(0x000000aa55d00000,0x000000aa55e00000) (1024K)]
  0x00000265b9a3f1a0 JavaThread "Signal Dispatcher"          daemon [_thread_blocked, id=20328, stack(0x000000aa55e00000,0x000000aa55f00000) (1024K)]
  0x00000265b9a3fcf0 JavaThread "Attach Listener"            daemon [_thread_blocked, id=19392, stack(0x000000aa55f00000,0x000000aa56000000) (1024K)]
  0x00000265b9a40970 JavaThread "Service Thread"             daemon [_thread_blocked, id=9252, stack(0x000000aa56000000,0x000000aa56100000) (1024K)]
  0x00000265b9a415f0 JavaThread "Monitor Deflation Thread"   daemon [_thread_blocked, id=16988, stack(0x000000aa56100000,0x000000aa56200000) (1024K)]
=>0x00000265b9a529a0 JavaThread "C2 CompilerThread0"         daemon [_thread_in_native, id=11992, stack(0x000000aa56200000,0x000000aa56300000) (1024K)]
  0x00000265b9a56460 JavaThread "C1 CompilerThread0"         daemon [_thread_blocked, id=18624, stack(0x000000aa56300000,0x000000aa56400000) (1024K)]
  0x00000265b9d0fcd0 JavaThread "Notification Thread"        daemon [_thread_blocked, id=1756, stack(0x000000aa56400000,0x000000aa56500000) (1024K)]
  0x00000265b9d22c70 JavaThread "Common-Cleaner"             daemon [_thread_blocked, id=16844, stack(0x000000aa56500000,0x000000aa56600000) (1024K)]
  0x00000265802b4f50 JavaThread "Thread-1"                   daemon [_thread_blocked, id=2892, stack(0x000000aa56600000,0x000000aa56700000) (1024K)]
Total: 12

Other Threads:
  0x00000265b9a1de20 VMThread "VM Thread"                           [id=15388, stack(0x000000aa55b00000,0x000000aa55c00000) (1024K)]
  0x00000265b9a04610 WatcherThread "VM Periodic Task Thread"        [id=21472, stack(0x000000aa55a00000,0x000000aa55b00000) (1024K)]
  0x000002659b27e3e0 WorkerThread "GC Thread#0"                     [id=1500, stack(0x000000aa55500000,0x000000aa55600000) (1024K)]
  0x00000265ff758070 WorkerThread "GC Thread#1"                     [id=15316, stack(0x000000aa56800000,0x000000aa56900000) (1024K)]
  0x00000265800d7f20 WorkerThread "GC Thread#2"                     [id=5484, stack(0x000000aa56900000,0x000000aa56a00000) (1024K)]
  0x00000265800e97a0 WorkerThread "GC Thread#3"                     [id=19296, stack(0x000000aa56a00000,0x000000aa56b00000) (1024K)]
  0x00000265800cb030 WorkerThread "GC Thread#4"                     [id=17244, stack(0x000000aa56b00000,0x000000aa56c00000) (1024K)]
  0x00000265800cb3d0 WorkerThread "GC Thread#5"                     [id=22784, stack(0x000000aa56c00000,0x000000aa56d00000) (1024K)]
  0x00000265800cbb80 WorkerThread "GC Thread#6"                     [id=10612, stack(0x000000aa56d00000,0x000000aa56e00000) (1024K)]
  0x00000265800cc330 WorkerThread "GC Thread#7"                     [id=728, stack(0x000000aa56e00000,0x000000aa56f00000) (1024K)]
  0x000002659b28f540 ConcurrentGCThread "G1 Main Marker"            [id=17152, stack(0x000000aa55600000,0x000000aa55700000) (1024K)]
  0x000002659b290040 WorkerThread "G1 Conc#0"                       [id=7796, stack(0x000000aa55700000,0x000000aa55800000) (1024K)]
  0x000002659b2edc80 ConcurrentGCThread "G1 Refine#0"               [id=16936, stack(0x000000aa55800000,0x000000aa55900000) (1024K)]
  0x000002659b2ee7f0 ConcurrentGCThread "G1 Service"                [id=18456, stack(0x000000aa55900000,0x000000aa55a00000) (1024K)]
Total: 14

Threads with active compile tasks:
C2 CompilerThread0    15461 5039       4       org.apache.maven.model.inheritance.DefaultInheritanceAssembler$InheritanceModelMerger::putAll (74 bytes)
Total: 1

VM state: not at safepoint (normal execution)

VM Mutex/Monitor currently owned by a thread: None

Heap address: 0x0000000084200000, size: 1982 MB, Compressed Oops mode: 32-bit

CDS archive(s) mapped at: [0x00000265ba000000-0x00000265bac90000-0x00000265bac90000), size 13172736, SharedBaseAddress: 0x00000265ba000000, ArchiveRelocationMode: 1.
Compressed class space mapped at: 0x00000265bb000000-0x00000265fb000000, reserved size: 1073741824
Narrow klass base: 0x00000265ba000000, Narrow klass shift: 0, Narrow klass range: 0x100000000

GC Precious Log:
 CardTable entry size: 512
 Card Set container configuration: InlinePtr #cards 5 size 8 Array Of Cards #cards 12 size 40 Howl #buckets 4 coarsen threshold 1843 Howl Bitmap #cards 512 size 80 coarsen threshold 460 Card regions per heap region 1 cards per card region 2048
 CPUs: 8 total, 8 available
 Memory: 7926M
 Large Page Support: Disabled
 NUMA Support: Disabled
 Compressed Oops: Enabled (32-bit)
 Heap Region Size: 1M
 Heap Min Capacity: 8M
 Heap Initial Capacity: 124M
 Heap Max Capacity: 1982M
 Pre-touch: Disabled
 Parallel Workers: 8
 Concurrent Workers: 2
 Concurrent Refinement Workers: 8
 Periodic GC: Disabled

Heap:
 garbage-first heap   total 126976K, used 86016K [0x0000000084200000, 0x0000000100000000)
  region size 1024K, 72 young (73728K), 4 survivors (4096K)
 Metaspace       used 16933K, committed 17216K, reserved 1114112K
  class space    used 1881K, committed 1984K, reserved 1048576K

Heap Regions: E=young(eden), S=young(survivor), O=old, HS=humongous(starts), HC=humongous(continues), CS=collection set, F=free, TAMS=top-at-mark-start, PB=parsable bottom
|   0|0x0000000084200000, 0x0000000084300000, 0x0000000084300000|100%| O|  |TAMS 0x0000000084200000| PB 0x0000000084200000| Untracked 
|   1|0x0000000084300000, 0x0000000084400000, 0x0000000084400000|100%| O|  |TAMS 0x0000000084300000| PB 0x0000000084300000| Untracked 
|   2|0x0000000084400000, 0x0000000084500000, 0x0000000084500000|100%| O|  |TAMS 0x0000000084400000| PB 0x0000000084400000| Untracked 
|   3|0x0000000084500000, 0x0000000084600000, 0x0000000084600000|100%| O|  |TAMS 0x0000000084500000| PB 0x0000000084500000| Untracked 
|   4|0x0000000084600000, 0x0000000084700000, 0x0000000084700000|100%| O|  |TAMS 0x0000000084600000| PB 0x0000000084600000| Untracked 
|   5|0x0000000084700000, 0x0000000084800000, 0x0000000084800000|100%| O|  |TAMS 0x0000000084700000| PB 0x0000000084700000| Untracked 
|   6|0x0000000084800000, 0x0000000084900000, 0x0000000084900000|100%| O|  |TAMS 0x0000000084800000| PB 0x0000000084800000| Untracked 
|   7|0x0000000084900000, 0x0000000084a00000, 0x0000000084a00000|100%| O|  |TAMS 0x0000000084900000| PB 0x0000000084900000| Untracked 
|   8|0x0000000084a00000, 0x0000000084b00000, 0x0000000084b00000|100%| O|  |TAMS 0x0000000084a00000| PB 0x0000000084a00000| Untracked 
|   9|0x0000000084b00000, 0x0000000084c00000, 0x0000000084c00000|100%| O|  |TAMS 0x0000000084b00000| PB 0x0000000084b00000| Untracked 
|  10|0x0000000084c00000, 0x0000000084d00000, 0x0000000084d00000|100%| O|  |TAMS 0x0000000084c00000| PB 0x0000000084c00000| Untracked 
|  11|0x0000000084d00000, 0x0000000084e00000, 0x0000000084e00000|100%| O|  |TAMS 0x0000000084d00000| PB 0x0000000084d00000| Untracked 
|  12|0x0000000084e00000, 0x0000000084f00000, 0x0000000084f00000|100%| O|  |TAMS 0x0000000084e00000| PB 0x0000000084e00000| Untracked 
|  13|0x0000000084f00000, 0x0000000084f80000, 0x0000000085000000| 50%| O|  |TAMS 0x0000000084f00000| PB 0x0000000084f00000| Untracked 
|  14|0x0000000085000000, 0x0000000085000000, 0x0000000085100000|  0%| F|  |TAMS 0x0000000085000000| PB 0x0000000085000000| Untracked 
|  15|0x0000000085100000, 0x0000000085100000, 0x0000000085200000|  0%| F|  |TAMS 0x0000000085100000| PB 0x0000000085100000| Untracked 
|  16|0x0000000085200000, 0x0000000085200000, 0x0000000085300000|  0%| F|  |TAMS 0x0000000085200000| PB 0x0000000085200000| Untracked 
|  17|0x0000000085300000, 0x0000000085300000, 0x0000000085400000|  0%| F|  |TAMS 0x0000000085300000| PB 0x0000000085300000| Untracked 
|  18|0x0000000085400000, 0x0000000085400000, 0x0000000085500000|  0%| F|  |TAMS 0x0000000085400000| PB 0x0000000085400000| Untracked 
|  19|0x0000000085500000, 0x0000000085500000, 0x0000000085600000|  0%| F|  |TAMS 0x0000000085500000| PB 0x0000000085500000| Untracked 
|  20|0x0000000085600000, 0x0000000085600000, 0x0000000085700000|  0%| F|  |TAMS 0x0000000085600000| PB 0x0000000085600000| Untracked 
|  21|0x0000000085700000, 0x0000000085700000, 0x0000000085800000|  0%| F|  |TAMS 0x0000000085700000| PB 0x0000000085700000| Untracked 
|  22|0x0000000085800000, 0x0000000085800000, 0x0000000085900000|  0%| F|  |TAMS 0x0000000085800000| PB 0x0000000085800000| Untracked 
|  23|0x0000000085900000, 0x0000000085900000, 0x0000000085a00000|  0%| F|  |TAMS 0x0000000085900000| PB 0x0000000085900000| Untracked 
|  24|0x0000000085a00000, 0x0000000085a00000, 0x0000000085b00000|  0%| F|  |TAMS 0x0000000085a00000| PB 0x0000000085a00000| Untracked 
|  25|0x0000000085b00000, 0x0000000085b00000, 0x0000000085c00000|  0%| F|  |TAMS 0x0000000085b00000| PB 0x0000000085b00000| Untracked 
|  26|0x0000000085c00000, 0x0000000085c00000, 0x0000000085d00000|  0%| F|  |TAMS 0x0000000085c00000| PB 0x0000000085c00000| Untracked 
|  27|0x0000000085d00000, 0x0000000085d00000, 0x0000000085e00000|  0%| F|  |TAMS 0x0000000085d00000| PB 0x0000000085d00000| Untracked 
|  28|0x0000000085e00000, 0x0000000085e00000, 0x0000000085f00000|  0%| F|  |TAMS 0x0000000085e00000| PB 0x0000000085e00000| Untracked 
|  29|0x0000000085f00000, 0x0000000085f00000, 0x0000000086000000|  0%| F|  |TAMS 0x0000000085f00000| PB 0x0000000085f00000| Untracked 
|  30|0x0000000086000000, 0x0000000086000000, 0x0000000086100000|  0%| F|  |TAMS 0x0000000086000000| PB 0x0000000086000000| Untracked 
|  31|0x0000000086100000, 0x0000000086100000, 0x0000000086200000|  0%| F|  |TAMS 0x0000000086100000| PB 0x0000000086100000| Untracked 
|  32|0x0000000086200000, 0x0000000086200000, 0x0000000086300000|  0%| F|  |TAMS 0x0000000086200000| PB 0x0000000086200000| Untracked 
|  33|0x0000000086300000, 0x0000000086300000, 0x0000000086400000|  0%| F|  |TAMS 0x0000000086300000| PB 0x0000000086300000| Untracked 
|  34|0x0000000086400000, 0x0000000086400000, 0x0000000086500000|  0%| F|  |TAMS 0x0000000086400000| PB 0x0000000086400000| Untracked 
|  35|0x0000000086500000, 0x0000000086500000, 0x0000000086600000|  0%| F|  |TAMS 0x0000000086500000| PB 0x0000000086500000| Untracked 
|  36|0x0000000086600000, 0x0000000086600000, 0x0000000086700000|  0%| F|  |TAMS 0x0000000086600000| PB 0x0000000086600000| Untracked 
|  37|0x0000000086700000, 0x0000000086700000, 0x0000000086800000|  0%| F|  |TAMS 0x0000000086700000| PB 0x0000000086700000| Untracked 
|  38|0x0000000086800000, 0x0000000086800000, 0x0000000086900000|  0%| F|  |TAMS 0x0000000086800000| PB 0x0000000086800000| Untracked 
|  39|0x0000000086900000, 0x0000000086900000, 0x0000000086a00000|  0%| F|  |TAMS 0x0000000086900000| PB 0x0000000086900000| Untracked 
|  40|0x0000000086a00000, 0x0000000086a00000, 0x0000000086b00000|  0%| F|  |TAMS 0x0000000086a00000| PB 0x0000000086a00000| Untracked 
|  41|0x0000000086b00000, 0x0000000086b00000, 0x0000000086c00000|  0%| F|  |TAMS 0x0000000086b00000| PB 0x0000000086b00000| Untracked 
|  42|0x0000000086c00000, 0x0000000086c00000, 0x0000000086d00000|  0%| F|  |TAMS 0x0000000086c00000| PB 0x0000000086c00000| Untracked 
|  43|0x0000000086d00000, 0x0000000086d00000, 0x0000000086e00000|  0%| F|  |TAMS 0x0000000086d00000| PB 0x0000000086d00000| Untracked 
|  44|0x0000000086e00000, 0x0000000086e00000, 0x0000000086f00000|  0%| F|  |TAMS 0x0000000086e00000| PB 0x0000000086e00000| Untracked 
|  45|0x0000000086f00000, 0x0000000086f00000, 0x0000000087000000|  0%| F|  |TAMS 0x0000000086f00000| PB 0x0000000086f00000| Untracked 
|  46|0x0000000087000000, 0x0000000087080000, 0x0000000087100000| 50%| S|CS|TAMS 0x0000000087000000| PB 0x0000000087000000| Complete 
|  47|0x0000000087100000, 0x0000000087200000, 0x0000000087200000|100%| S|CS|TAMS 0x0000000087100000| PB 0x0000000087100000| Complete 
|  48|0x0000000087200000, 0x0000000087300000, 0x0000000087300000|100%| S|CS|TAMS 0x0000000087200000| PB 0x0000000087200000| Complete 
|  49|0x0000000087300000, 0x0000000087400000, 0x0000000087400000|100%| S|CS|TAMS 0x0000000087300000| PB 0x0000000087300000| Complete 
|  50|0x0000000087400000, 0x0000000087400000, 0x0000000087500000|  0%| F|  |TAMS 0x0000000087400000| PB 0x0000000087400000| Untracked 
|  51|0x0000000087500000, 0x0000000087500000, 0x0000000087600000|  0%| F|  |TAMS 0x0000000087500000| PB 0x0000000087500000| Untracked 
|  52|0x0000000087600000, 0x0000000087600000, 0x0000000087700000|  0%| F|  |TAMS 0x0000000087600000| PB 0x0000000087600000| Untracked 
|  53|0x0000000087700000, 0x0000000087700000, 0x0000000087800000|  0%| F|  |TAMS 0x0000000087700000| PB 0x0000000087700000| Untracked 
|  54|0x0000000087800000, 0x0000000087800000, 0x0000000087900000|  0%| F|  |TAMS 0x0000000087800000| PB 0x0000000087800000| Untracked 
|  55|0x0000000087900000, 0x0000000087900000, 0x0000000087a00000|  0%| F|  |TAMS 0x0000000087900000| PB 0x0000000087900000| Untracked 
|  56|0x0000000087a00000, 0x0000000087a80800, 0x0000000087b00000| 50%| E|  |TAMS 0x0000000087a00000| PB 0x0000000087a00000| Complete 
|  57|0x0000000087b00000, 0x0000000087c00000, 0x0000000087c00000|100%| E|CS|TAMS 0x0000000087b00000| PB 0x0000000087b00000| Complete 
|  58|0x0000000087c00000, 0x0000000087d00000, 0x0000000087d00000|100%| E|CS|TAMS 0x0000000087c00000| PB 0x0000000087c00000| Complete 
|  59|0x0000000087d00000, 0x0000000087e00000, 0x0000000087e00000|100%| E|CS|TAMS 0x0000000087d00000| PB 0x0000000087d00000| Complete 
|  60|0x0000000087e00000, 0x0000000087f00000, 0x0000000087f00000|100%| E|CS|TAMS 0x0000000087e00000| PB 0x0000000087e00000| Complete 
|  61|0x0000000087f00000, 0x0000000088000000, 0x0000000088000000|100%| E|CS|TAMS 0x0000000087f00000| PB 0x0000000087f00000| Complete 
|  62|0x0000000088000000, 0x0000000088100000, 0x0000000088100000|100%| E|CS|TAMS 0x0000000088000000| PB 0x0000000088000000| Complete 
|  63|0x0000000088100000, 0x0000000088200000, 0x0000000088200000|100%| E|CS|TAMS 0x0000000088100000| PB 0x0000000088100000| Complete 
|  64|0x0000000088200000, 0x0000000088300000, 0x0000000088300000|100%| E|CS|TAMS 0x0000000088200000| PB 0x0000000088200000| Complete 
|  65|0x0000000088300000, 0x0000000088400000, 0x0000000088400000|100%| E|CS|TAMS 0x0000000088300000| PB 0x0000000088300000| Complete 
|  66|0x0000000088400000, 0x0000000088500000, 0x0000000088500000|100%| E|CS|TAMS 0x0000000088400000| PB 0x0000000088400000| Complete 
|  67|0x0000000088500000, 0x0000000088600000, 0x0000000088600000|100%| E|CS|TAMS 0x0000000088500000| PB 0x0000000088500000| Complete 
|  68|0x0000000088600000, 0x0000000088700000, 0x0000000088700000|100%| E|CS|TAMS 0x0000000088600000| PB 0x0000000088600000| Complete 
|  69|0x0000000088700000, 0x0000000088800000, 0x0000000088800000|100%| E|CS|TAMS 0x0000000088700000| PB 0x0000000088700000| Complete 
|  70|0x0000000088800000, 0x0000000088900000, 0x0000000088900000|100%| E|CS|TAMS 0x0000000088800000| PB 0x0000000088800000| Complete 
|  71|0x0000000088900000, 0x0000000088a00000, 0x0000000088a00000|100%| E|CS|TAMS 0x0000000088900000| PB 0x0000000088900000| Complete 
|  72|0x0000000088a00000, 0x0000000088b00000, 0x0000000088b00000|100%| E|CS|TAMS 0x0000000088a00000| PB 0x0000000088a00000| Complete 
|  73|0x0000000088b00000, 0x0000000088c00000, 0x0000000088c00000|100%| E|CS|TAMS 0x0000000088b00000| PB 0x0000000088b00000| Complete 
|  74|0x0000000088c00000, 0x0000000088d00000, 0x0000000088d00000|100%| E|CS|TAMS 0x0000000088c00000| PB 0x0000000088c00000| Complete 
|  75|0x0000000088d00000, 0x0000000088e00000, 0x0000000088e00000|100%| E|CS|TAMS 0x0000000088d00000| PB 0x0000000088d00000| Complete 
|  76|0x0000000088e00000, 0x0000000088f00000, 0x0000000088f00000|100%| E|CS|TAMS 0x0000000088e00000| PB 0x0000000088e00000| Complete 
|  77|0x0000000088f00000, 0x0000000089000000, 0x0000000089000000|100%| E|CS|TAMS 0x0000000088f00000| PB 0x0000000088f00000| Complete 
|  78|0x0000000089000000, 0x0000000089100000, 0x0000000089100000|100%| E|CS|TAMS 0x0000000089000000| PB 0x0000000089000000| Complete 
|  79|0x0000000089100000, 0x0000000089200000, 0x0000000089200000|100%| E|CS|TAMS 0x0000000089100000| PB 0x0000000089100000| Complete 
|  80|0x0000000089200000, 0x0000000089300000, 0x0000000089300000|100%| E|CS|TAMS 0x0000000089200000| PB 0x0000000089200000| Complete 
|  81|0x0000000089300000, 0x0000000089400000, 0x0000000089400000|100%| E|CS|TAMS 0x0000000089300000| PB 0x0000000089300000| Complete 
|  82|0x0000000089400000, 0x0000000089500000, 0x0000000089500000|100%| E|CS|TAMS 0x0000000089400000| PB 0x0000000089400000| Complete 
|  83|0x0000000089500000, 0x0000000089600000, 0x0000000089600000|100%| E|CS|TAMS 0x0000000089500000| PB 0x0000000089500000| Complete 
|  84|0x0000000089600000, 0x0000000089700000, 0x0000000089700000|100%| E|CS|TAMS 0x0000000089600000| PB 0x0000000089600000| Complete 
|  85|0x0000000089700000, 0x0000000089800000, 0x0000000089800000|100%| E|CS|TAMS 0x0000000089700000| PB 0x0000000089700000| Complete 
|  86|0x0000000089800000, 0x0000000089900000, 0x0000000089900000|100%| E|CS|TAMS 0x0000000089800000| PB 0x0000000089800000| Complete 
|  87|0x0000000089900000, 0x0000000089a00000, 0x0000000089a00000|100%| E|CS|TAMS 0x0000000089900000| PB 0x0000000089900000| Complete 
|  88|0x0000000089a00000, 0x0000000089b00000, 0x0000000089b00000|100%| E|CS|TAMS 0x0000000089a00000| PB 0x0000000089a00000| Complete 
|  89|0x0000000089b00000, 0x0000000089c00000, 0x0000000089c00000|100%| E|CS|TAMS 0x0000000089b00000| PB 0x0000000089b00000| Complete 
|  90|0x0000000089c00000, 0x0000000089d00000, 0x0000000089d00000|100%| E|CS|TAMS 0x0000000089c00000| PB 0x0000000089c00000| Complete 
|  91|0x0000000089d00000, 0x0000000089e00000, 0x0000000089e00000|100%| E|CS|TAMS 0x0000000089d00000| PB 0x0000000089d00000| Complete 
|  92|0x0000000089e00000, 0x0000000089f00000, 0x0000000089f00000|100%| E|CS|TAMS 0x0000000089e00000| PB 0x0000000089e00000| Complete 
|  93|0x0000000089f00000, 0x000000008a000000, 0x000000008a000000|100%| E|CS|TAMS 0x0000000089f00000| PB 0x0000000089f00000| Complete 
|  94|0x000000008a000000, 0x000000008a100000, 0x000000008a100000|100%| E|CS|TAMS 0x000000008a000000| PB 0x000000008a000000| Complete 
|  95|0x000000008a100000, 0x000000008a200000, 0x000000008a200000|100%| E|CS|TAMS 0x000000008a100000| PB 0x000000008a100000| Complete 
|  96|0x000000008a200000, 0x000000008a300000, 0x000000008a300000|100%| E|CS|TAMS 0x000000008a200000| PB 0x000000008a200000| Complete 
|  97|0x000000008a300000, 0x000000008a400000, 0x000000008a400000|100%| E|CS|TAMS 0x000000008a300000| PB 0x000000008a300000| Complete 
|  98|0x000000008a400000, 0x000000008a500000, 0x000000008a500000|100%| E|CS|TAMS 0x000000008a400000| PB 0x000000008a400000| Complete 
|  99|0x000000008a500000, 0x000000008a600000, 0x000000008a600000|100%| E|CS|TAMS 0x000000008a500000| PB 0x000000008a500000| Complete 
| 100|0x000000008a600000, 0x000000008a700000, 0x000000008a700000|100%| E|CS|TAMS 0x000000008a600000| PB 0x000000008a600000| Complete 
| 101|0x000000008a700000, 0x000000008a800000, 0x000000008a800000|100%| E|CS|TAMS 0x000000008a700000| PB 0x000000008a700000| Complete 
| 102|0x000000008a800000, 0x000000008a900000, 0x000000008a900000|100%| E|CS|TAMS 0x000000008a800000| PB 0x000000008a800000| Complete 
| 103|0x000000008a900000, 0x000000008aa00000, 0x000000008aa00000|100%| E|CS|TAMS 0x000000008a900000| PB 0x000000008a900000| Complete 
| 104|0x000000008aa00000, 0x000000008ab00000, 0x000000008ab00000|100%| E|CS|TAMS 0x000000008aa00000| PB 0x000000008aa00000| Complete 
| 105|0x000000008ab00000, 0x000000008ac00000, 0x000000008ac00000|100%| E|CS|TAMS 0x000000008ab00000| PB 0x000000008ab00000| Complete 
| 106|0x000000008ac00000, 0x000000008ad00000, 0x000000008ad00000|100%| E|CS|TAMS 0x000000008ac00000| PB 0x000000008ac00000| Complete 
| 107|0x000000008ad00000, 0x000000008ae00000, 0x000000008ae00000|100%| E|CS|TAMS 0x000000008ad00000| PB 0x000000008ad00000| Complete 
| 108|0x000000008ae00000, 0x000000008af00000, 0x000000008af00000|100%| E|CS|TAMS 0x000000008ae00000| PB 0x000000008ae00000| Complete 
| 109|0x000000008af00000, 0x000000008b000000, 0x000000008b000000|100%| E|CS|TAMS 0x000000008af00000| PB 0x000000008af00000| Complete 
| 110|0x000000008b000000, 0x000000008b100000, 0x000000008b100000|100%| E|CS|TAMS 0x000000008b000000| PB 0x000000008b000000| Complete 
| 111|0x000000008b100000, 0x000000008b200000, 0x000000008b200000|100%| E|CS|TAMS 0x000000008b100000| PB 0x000000008b100000| Complete 
| 112|0x000000008b200000, 0x000000008b300000, 0x000000008b300000|100%| E|CS|TAMS 0x000000008b200000| PB 0x000000008b200000| Complete 
| 113|0x000000008b300000, 0x000000008b400000, 0x000000008b400000|100%| E|CS|TAMS 0x000000008b300000| PB 0x000000008b300000| Complete 
| 114|0x000000008b400000, 0x000000008b500000, 0x000000008b500000|100%| E|CS|TAMS 0x000000008b400000| PB 0x000000008b400000| Complete 
| 115|0x000000008b500000, 0x000000008b600000, 0x000000008b600000|100%| E|CS|TAMS 0x000000008b500000| PB 0x000000008b500000| Complete 
| 116|0x000000008b600000, 0x000000008b700000, 0x000000008b700000|100%| E|CS|TAMS 0x000000008b600000| PB 0x000000008b600000| Complete 
| 117|0x000000008b700000, 0x000000008b800000, 0x000000008b800000|100%| E|CS|TAMS 0x000000008b700000| PB 0x000000008b700000| Complete 
| 118|0x000000008b800000, 0x000000008b900000, 0x000000008b900000|100%| E|CS|TAMS 0x000000008b800000| PB 0x000000008b800000| Complete 
| 119|0x000000008b900000, 0x000000008ba00000, 0x000000008ba00000|100%| E|CS|TAMS 0x000000008b900000| PB 0x000000008b900000| Complete 
| 120|0x000000008ba00000, 0x000000008bb00000, 0x000000008bb00000|100%| E|CS|TAMS 0x000000008ba00000| PB 0x000000008ba00000| Complete 
| 121|0x000000008bb00000, 0x000000008bc00000, 0x000000008bc00000|100%| E|CS|TAMS 0x000000008bb00000| PB 0x000000008bb00000| Complete 
| 122|0x000000008bc00000, 0x000000008bd00000, 0x000000008bd00000|100%| E|CS|TAMS 0x000000008bc00000| PB 0x000000008bc00000| Complete 
| 123|0x000000008bd00000, 0x000000008be00000, 0x000000008be00000|100%| E|CS|TAMS 0x000000008bd00000| PB 0x000000008bd00000| Complete 

Card table byte_map: [0x00000265b4cc0000,0x00000265b50a0000] _byte_map_base: 0x00000265b489f000

Marking Bits: (CMBitMap*) 0x000002659b27f2f0
 Bits: [0x00000265b50a0000, 0x00000265b6f98000)

Polling page: 0x000002659b2f0000

Metaspace:

Usage:
  Non-class:     14.70 MB used.
      Class:      1.84 MB used.
       Both:     16.54 MB used.

Virtual space:
  Non-class space:       64.00 MB reserved,      14.88 MB ( 23%) committed,  1 nodes.
      Class space:        1.00 GB reserved,       1.94 MB ( <1%) committed,  1 nodes.
             Both:        1.06 GB reserved,      16.81 MB (  2%) committed. 

Chunk freelists:
   Non-Class:  1023.00 KB
       Class:  13.90 MB
        Both:  14.90 MB

MaxMetaspaceSize: unlimited
CompressedClassSpaceSize: 1.00 GB
Initial GC threshold: 21.00 MB
Current GC threshold: 21.00 MB
CDS: on
 - commit_granule_bytes: 65536.
 - commit_granule_words: 8192.
 - virtual_space_node_default_size: 8388608.
 - enlarge_chunks_in_place: 1.
 - use_allocation_guard: 0.


Internal statistics:

num_allocs_failed_limit: 0.
num_arena_births: 180.
num_arena_deaths: 0.
num_vsnodes_births: 2.
num_vsnodes_deaths: 0.
num_space_committed: 269.
num_space_uncommitted: 0.
num_chunks_returned_to_freelist: 0.
num_chunks_taken_from_freelist: 734.
num_chunk_merges: 0.
num_chunk_splits: 515.
num_chunks_enlarged: 428.
num_inconsistent_stats: 0.

CodeHeap 'non-profiled nmethods': size=120000Kb used=2995Kb max_used=2995Kb free=117004Kb
 bounds [0x00000265ac940000, 0x00000265acc30000, 0x00000265b3e70000]
CodeHeap 'profiled nmethods': size=120000Kb used=11138Kb max_used=11138Kb free=108861Kb
 bounds [0x00000265a4e70000, 0x00000265a5960000, 0x00000265ac3a0000]
CodeHeap 'non-nmethods': size=5760Kb used=1542Kb max_used=1608Kb free=4217Kb
 bounds [0x00000265ac3a0000, 0x00000265ac610000, 0x00000265ac940000]
 total_blobs=5535 nmethods=5041 adapters=398
 compilation: enabled
              stopped_count=0, restarted_count=0
 full_count=0

Compilation events (20 events):
Event: 15.042 Thread 0x00000265b9a56460 nmethod 5034 0x00000265a594a790 code [0x00000265a594a940, 0x00000265a594ab10]
Event: 15.042 Thread 0x00000265b9a56460 5035       3       org.apache.maven.model.building.DefaultModelBuilder::lambda$getInterpolatedProfiles$0 (10 bytes)
Event: 15.043 Thread 0x00000265b9a56460 nmethod 5035 0x00000265a594ac10 code [0x00000265a594adc0, 0x00000265a594af28]
Event: 15.043 Thread 0x00000265b9a56460 5036   !   3       org.apache.maven.model.profile.activation.FileProfileActivator::isActive (244 bytes)
Event: 15.045 Thread 0x00000265b9a56460 nmethod 5036 0x00000265a594b010 code [0x00000265a594b480, 0x00000265a594d0e8]
Event: 15.048 Thread 0x00000265b9a529a0 5037       4       java.util.stream.AbstractPipeline::wrapAndCopyInto (18 bytes)
Event: 15.052 Thread 0x00000265b9a529a0 nmethod 5037 0x00000265acc1f890 code [0x00000265acc1fa60, 0x00000265acc1fd18]
Event: 15.052 Thread 0x00000265b9a529a0 5038       4       org.apache.maven.model.merge.ModelMerger$MergingList::mergeAll (348 bytes)
Event: 15.152 Thread 0x00000265b9a56460 5041       3       java.io.BufferedReader::implReadLine (301 bytes)
Event: 15.154 Thread 0x00000265b9a56460 nmethod 5041 0x00000265a594db10 code [0x00000265a594de00, 0x00000265a594ee48]
Event: 15.157 Thread 0x00000265b9a529a0 nmethod 5038 0x00000265acc20010 code [0x00000265acc20400, 0x00000265acc22e18]
Event: 15.158 Thread 0x00000265b9a529a0 5040       4       org.codehaus.plexus.util.xml.Xpp3Dom::mergeIntoXpp3Dom (518 bytes)
Event: 15.171 Thread 0x00000265b9a56460 5042       3       org.apache.maven.model.merge.ModelMerger::mergePluginExecution_Phase (43 bytes)
Event: 15.172 Thread 0x00000265b9a56460 nmethod 5042 0x00000265a594f510 code [0x00000265a594f6e0, 0x00000265a594fae0]
Event: 15.177 Thread 0x00000265b9a56460 5043       3       java.lang.invoke.LambdaForm$MH/0x00000265bb218800::invoke (42 bytes)
Event: 15.177 Thread 0x00000265b9a56460 nmethod 5043 0x00000265a594fc10 code [0x00000265a594fe40, 0x00000265a5950748]
Event: 15.343 Thread 0x00000265b9a529a0 nmethod 5040 0x00000265acc25110 code [0x00000265acc25840, 0x00000265acc298e8]
Event: 15.343 Thread 0x00000265b9a529a0 5044   !   4       org.apache.maven.model.Profile::clone (87 bytes)
Event: 15.359 Thread 0x00000265b9a529a0 nmethod 5044 0x00000265acc2bd90 code [0x00000265acc2bfa0, 0x00000265acc2c940]
Event: 15.359 Thread 0x00000265b9a529a0 5039       4       org.apache.maven.model.inheritance.DefaultInheritanceAssembler$InheritanceModelMerger::putAll (74 bytes)

GC Heap History (10 events):
Event: 0.720 GC heap before
{Heap before GC invocations=0 (full 0):
 garbage-first heap   total 126976K, used 23552K [0x0000000084200000, 0x0000000100000000)
  region size 1024K, 23 young (23552K), 0 survivors (0K)
 Metaspace       used 5639K, committed 5824K, reserved 1114112K
  class space    used 663K, committed 768K, reserved 1048576K
}
Event: 0.730 GC heap after
{Heap after GC invocations=1 (full 0):
 garbage-first heap   total 126976K, used 4128K [0x0000000084200000, 0x0000000100000000)
  region size 1024K, 3 young (3072K), 3 survivors (3072K)
 Metaspace       used 5639K, committed 5824K, reserved 1114112K
  class space    used 663K, committed 768K, reserved 1048576K
}
Event: 1.487 GC heap before
{Heap before GC invocations=1 (full 0):
 garbage-first heap   total 126976K, used 34848K [0x0000000084200000, 0x0000000100000000)
  region size 1024K, 33 young (33792K), 3 survivors (3072K)
 Metaspace       used 9853K, committed 10048K, reserved 1114112K
  class space    used 1173K, committed 1280K, reserved 1048576K
}
Event: 1.498 GC heap after
{Heap after GC invocations=2 (full 0):
 garbage-first heap   total 126976K, used 5669K [0x0000000084200000, 0x0000000100000000)
  region size 1024K, 2 young (2048K), 2 survivors (2048K)
 Metaspace       used 9853K, committed 10048K, reserved 1114112K
  class space    used 1173K, committed 1280K, reserved 1048576K
}
Event: 7.384 GC heap before
{Heap before GC invocations=2 (full 0):
 garbage-first heap   total 126976K, used 79397K [0x0000000084200000, 0x0000000100000000)
  region size 1024K, 74 young (75776K), 2 survivors (2048K)
 Metaspace       used 16038K, committed 16320K, reserved 1114112K
  class space    used 1872K, committed 1984K, reserved 1048576K
}
Event: 7.414 GC heap after
{Heap after GC invocations=3 (full 0):
 garbage-first heap   total 126976K, used 14106K [0x0000000084200000, 0x0000000100000000)
  region size 1024K, 10 young (10240K), 10 survivors (10240K)
 Metaspace       used 16038K, committed 16320K, reserved 1114112K
  class space    used 1872K, committed 1984K, reserved 1048576K
}
Event: 9.147 GC heap before
{Heap before GC invocations=3 (full 0):
 garbage-first heap   total 126976K, used 79642K [0x0000000084200000, 0x0000000100000000)
  region size 1024K, 74 young (75776K), 10 survivors (10240K)
 Metaspace       used 16597K, committed 16832K, reserved 1114112K
  class space    used 1877K, committed 1984K, reserved 1048576K
}
Event: 9.186 GC heap after
{Heap after GC invocations=4 (full 0):
 garbage-first heap   total 126976K, used 15360K [0x0000000084200000, 0x0000000100000000)
  region size 1024K, 2 young (2048K), 2 survivors (2048K)
 Metaspace       used 16597K, committed 16832K, reserved 1114112K
  class space    used 1877K, committed 1984K, reserved 1048576K
}
Event: 13.391 GC heap before
{Heap before GC invocations=4 (full 0):
 garbage-first heap   total 126976K, used 89088K [0x0000000084200000, 0x0000000100000000)
  region size 1024K, 74 young (75776K), 2 survivors (2048K)
 Metaspace       used 16917K, committed 17152K, reserved 1114112K
  class space    used 1881K, committed 1984K, reserved 1048576K
}
Event: 13.398 GC heap after
{Heap after GC invocations=5 (full 0):
 garbage-first heap   total 126976K, used 17408K [0x0000000084200000, 0x0000000100000000)
  region size 1024K, 4 young (4096K), 4 survivors (4096K)
 Metaspace       used 16917K, committed 17152K, reserved 1114112K
  class space    used 1881K, committed 1984K, reserved 1048576K
}

Dll operation events (8 events):
Event: 0.012 Loaded shared library C:\Program Files\Java\jdk-21\bin\java.dll
Event: 0.051 Loaded shared library C:\Program Files\Java\jdk-21\bin\jsvml.dll
Event: 0.069 Loaded shared library C:\Program Files\Java\jdk-21\bin\net.dll
Event: 0.071 Loaded shared library C:\Program Files\Java\jdk-21\bin\nio.dll
Event: 0.077 Loaded shared library C:\Program Files\Java\jdk-21\bin\zip.dll
Event: 0.256 Loaded shared library C:\Program Files\Java\jdk-21\bin\jimage.dll
Event: 0.260 Loaded shared library C:\Users\Dell\.m2\wrapper\dists\apache-maven-3.9.9\977a63e90f436cd6ade95b4c0e10c20c\lib\jansi-native\Windows\x86_64\jansi.dll
Event: 0.277 Loaded shared library C:\Program Files\Java\jdk-21\bin\verify.dll

Deoptimization events (20 events):
Event: 13.081 Thread 0x000002659afb3150 DEOPT PACKING pc=0x00000265acbe84a0 sp=0x000000aa554fc330
Event: 13.081 Thread 0x000002659afb3150 DEOPT UNPACKING pc=0x00000265ac3f7da2 sp=0x000000aa554fc2b8 mode 2
Event: 13.081 Thread 0x000002659afb3150 Uncommon trap: trap_request=0xffffffd6 fr.pc=0x00000265acbe84a0 relative=0x0000000000000460
Event: 13.081 Thread 0x000002659afb3150 Uncommon trap: reason=array_check action=maybe_recompile pc=0x00000265acbe84a0 method=java.util.HashMap.keysToArray([Ljava/lang/Object;)[Ljava/lang/Object; @ 62 c2
Event: 13.081 Thread 0x000002659afb3150 DEOPT PACKING pc=0x00000265acbe84a0 sp=0x000000aa554fc650
Event: 13.081 Thread 0x000002659afb3150 DEOPT UNPACKING pc=0x00000265ac3f7da2 sp=0x000000aa554fc5d8 mode 2
Event: 13.081 Thread 0x000002659afb3150 Uncommon trap: trap_request=0xffffffd6 fr.pc=0x00000265acbe84a0 relative=0x0000000000000460
Event: 13.081 Thread 0x000002659afb3150 Uncommon trap: reason=array_check action=maybe_recompile pc=0x00000265acbe84a0 method=java.util.HashMap.keysToArray([Ljava/lang/Object;)[Ljava/lang/Object; @ 62 c2
Event: 13.081 Thread 0x000002659afb3150 DEOPT PACKING pc=0x00000265acbe84a0 sp=0x000000aa554fc550
Event: 13.081 Thread 0x000002659afb3150 DEOPT UNPACKING pc=0x00000265ac3f7da2 sp=0x000000aa554fc4d8 mode 2
Event: 13.081 Thread 0x000002659afb3150 Uncommon trap: trap_request=0xffffffd6 fr.pc=0x00000265acbe84a0 relative=0x0000000000000460
Event: 13.081 Thread 0x000002659afb3150 Uncommon trap: reason=array_check action=maybe_recompile pc=0x00000265acbe84a0 method=java.util.HashMap.keysToArray([Ljava/lang/Object;)[Ljava/lang/Object; @ 62 c2
Event: 13.081 Thread 0x000002659afb3150 DEOPT PACKING pc=0x00000265acbe84a0 sp=0x000000aa554fc330
Event: 13.082 Thread 0x000002659afb3150 DEOPT UNPACKING pc=0x00000265ac3f7da2 sp=0x000000aa554fc2b8 mode 2
Event: 13.577 Thread 0x000002659afb3150 DEOPT PACKING pc=0x00000265a54c8334 sp=0x000000aa554fb320
Event: 13.577 Thread 0x000002659afb3150 DEOPT UNPACKING pc=0x00000265ac3f88e2 sp=0x000000aa554fa848 mode 0
Event: 13.659 Thread 0x000002659afb3150 DEOPT PACKING pc=0x00000265a54df0de sp=0x000000aa554fac30
Event: 13.659 Thread 0x000002659afb3150 DEOPT UNPACKING pc=0x00000265ac3f88e2 sp=0x000000aa554fa1b0 mode 0
Event: 15.153 Thread 0x000002659afb3150 DEOPT PACKING pc=0x00000265a50bee02 sp=0x000000aa554fb000
Event: 15.153 Thread 0x000002659afb3150 DEOPT UNPACKING pc=0x00000265ac3f88e2 sp=0x000000aa554fa508 mode 0

Classes loaded (20 events):
Event: 2.716 Loading class java/util/AbstractMap$2$1
Event: 2.716 Loading class java/util/AbstractMap$2$1 done
Event: 2.807 Loading class java/util/StringTokenizer
Event: 2.807 Loading class java/util/StringTokenizer done
Event: 2.918 Loading class java/util/stream/Streams$RangeIntSpliterator
Event: 2.919 Loading class java/util/stream/Streams$RangeIntSpliterator done
Event: 4.883 Loading class java/util/stream/MatchOps$MatchKind
Event: 4.884 Loading class java/util/stream/MatchOps$MatchKind done
Event: 4.884 Loading class java/util/stream/MatchOps
Event: 4.884 Loading class java/util/stream/MatchOps done
Event: 4.884 Loading class java/util/stream/MatchOps$MatchOp
Event: 4.885 Loading class java/util/stream/MatchOps$MatchOp done
Event: 4.885 Loading class java/util/stream/MatchOps$BooleanTerminalSink
Event: 4.885 Loading class java/util/stream/MatchOps$BooleanTerminalSink done
Event: 4.885 Loading class java/util/stream/MatchOps$1MatchSink
Event: 4.886 Loading class java/util/stream/MatchOps$1MatchSink done
Event: 7.742 Loading class sun/nio/cs/ISO_8859_1$Decoder
Event: 7.743 Loading class sun/nio/cs/ISO_8859_1$Decoder done
Event: 12.393 Loading class java/util/Collections$UnmodifiableList$1
Event: 12.394 Loading class java/util/Collections$UnmodifiableList$1 done

Classes unloaded (0 events):
No events

Classes redefined (0 events):
No events

Internal exceptions (20 events):
Event: 1.664 Thread 0x000002659afb3150 Exception <a 'java/lang/ExceptionInInitializerError'{0x000000008b9205c0}> (0x000000008b9205c0) 
thrown [s\open\src\hotspot\share\oops\instanceKlass.cpp, line 1180]
Event: 1.720 Thread 0x000002659afb3150 Exception <a 'java/lang/NoSuchMethodError'{0x000000008b830428}: 'long java.lang.invoke.DirectMethodHandle$Holder.invokeStatic(java.lang.Object, java.lang.Object, int)'> (0x000000008b830428) 
thrown [s\open\src\hotspot\share\interpreter\linkResolver.cpp, line 773]
Event: 1.722 Thread 0x000002659afb3150 Exception <a 'java/lang/NoSuchMethodError'{0x000000008b8434c0}: 'java.lang.Object java.lang.invoke.DirectMethodHandle$Holder.invokeStatic(java.lang.Object, java.lang.Object, java.lang.Object, java.lang.Object, int)'> (0x000000008b8434c0) 
thrown [s\open\src\hotspot\share\interpreter\linkResolver.cpp, line 773]
Event: 1.724 Thread 0x000002659afb3150 Exception <a 'java/lang/NoSuchMethodError'{0x000000008b84b3d8}: 'java.lang.Object java.lang.invoke.DirectMethodHandle$Holder.invokeSpecial(java.lang.Object, java.lang.Object, java.lang.Object, java.lang.Object, long)'> (0x000000008b84b3d8) 
thrown [s\open\src\hotspot\share\interpreter\linkResolver.cpp, line 773]
Event: 1.726 Thread 0x000002659afb3150 Exception <a 'java/lang/NoSuchMethodError'{0x000000008b856ec8}: 'java.lang.Object java.lang.invoke.DirectMethodHandle$Holder.invokeSpecial(java.lang.Object, java.lang.Object, java.lang.Object, int, java.lang.Object)'> (0x000000008b856ec8) 
thrown [s\open\src\hotspot\share\interpreter\linkResolver.cpp, line 773]
Event: 1.726 Thread 0x000002659afb3150 Exception <a 'java/lang/NoSuchMethodError'{0x000000008b85efe8}: 'int java.lang.invoke.DirectMethodHandle$Holder.invokeSpecial(java.lang.Object, java.lang.Object, java.lang.Object, int)'> (0x000000008b85efe8) 
thrown [s\open\src\hotspot\share\interpreter\linkResolver.cpp, line 773]
Event: 1.733 Thread 0x000002659afb3150 Implicit null exception at 0x00000265ac9e51da to 0x00000265ac9e53b4
Event: 1.738 Thread 0x000002659afb3150 Exception <a 'java/lang/NoSuchMethodError'{0x000000008b883960}: 'java.lang.Object java.lang.invoke.Invokers$Holder.invokeExact_MT(java.lang.Object, int, java.lang.Object)'> (0x000000008b883960) 
thrown [s\open\src\hotspot\share\interpreter\linkResolver.cpp, line 773]
Event: 2.116 Thread 0x000002659afb3150 Exception <a 'java/lang/NoSuchMethodError'{0x000000008b082210}: 'void java.lang.invoke.Invokers$Holder.invokeExact_MT(java.lang.Object, java.lang.Object, java.lang.Object, java.lang.Object)'> (0x000000008b082210) 
thrown [s\open\src\hotspot\share\interpreter\linkResolver.cpp, line 773]
Event: 2.146 Thread 0x000002659afb3150 Exception <a 'java/lang/NoClassDefFoundError'{0x000000008af0fdc0}: com/google/inject/servlet/ServletModuleTargetVisitor> (0x000000008af0fdc0) 
thrown [s\open\src\hotspot\share\classfile\systemDictionary.cpp, line 301]
Event: 2.319 Thread 0x000002659afb3150 Exception <a 'java/lang/NoSuchMethodError'{0x000000008aed2f90}: 'void java.lang.invoke.DirectMethodHandle$Holder.invokeVirtual(java.lang.Object, java.lang.Object)'> (0x000000008aed2f90) 
thrown [s\open\src\hotspot\share\interpreter\linkResolver.cpp, line 773]
Event: 2.403 Thread 0x000002659afb3150 Exception <a 'java/lang/NoSuchMethodError'{0x000000008ad525b0}: 'java.lang.Object java.lang.invoke.DirectMethodHandle$Holder.invokeStaticInit(java.lang.Object, int, int, int, int)'> (0x000000008ad525b0) 
thrown [s\open\src\hotspot\share\interpreter\linkResolver.cpp, line 773]
Event: 2.614 Thread 0x000002659afb3150 Implicit null exception at 0x00000265ac96bc24 to 0x00000265ac96c2f4
Event: 2.614 Thread 0x000002659afb3150 Implicit null exception at 0x00000265ac97a4a0 to 0x00000265ac97ab60
Event: 2.733 Thread 0x000002659afb3150 Exception <a 'java/lang/NoSuchMethodError'{0x000000008a8d4c58}: 'void java.lang.invoke.DirectMethodHandle$Holder.invokeSpecial(java.lang.Object, java.lang.Object, java.lang.Object, java.lang.Object, java.lang.Object)'> (0x000000008a8d4c58) 
thrown [s\open\src\hotspot\share\interpreter\linkResolver.cpp, line 773]
Event: 2.735 Thread 0x000002659afb3150 Exception <a 'java/lang/NoSuchMethodError'{0x000000008a8eab38}: 'void java.lang.invoke.DirectMethodHandle$Holder.invokeSpecial(java.lang.Object, java.lang.Object, java.lang.Object, java.lang.Object, java.lang.Object, java.lang.Object)'> (0x000000008a8eab38) 
thrown [s\open\src\hotspot\share\interpreter\linkResolver.cpp, line 773]
Event: 2.764 Thread 0x000002659afb3150 Exception <a 'java/lang/NoSuchMethodError'{0x000000008a7e6198}: 'java.lang.Object java.lang.invoke.DirectMethodHandle$Holder.invokeVirtual(java.lang.Object, java.lang.Object, java.lang.Object)'> (0x000000008a7e6198) 
thrown [s\open\src\hotspot\share\interpreter\linkResolver.cpp, line 773]
Event: 2.817 Thread 0x000002659afb3150 Exception <a 'java/lang/NoSuchMethodError'{0x000000008a54cfc8}: 'void java.lang.invoke.DirectMethodHandle$Holder.invokeVirtual(java.lang.Object, java.lang.Object, int)'> (0x000000008a54cfc8) 
thrown [s\open\src\hotspot\share\interpreter\linkResolver.cpp, line 773]
Event: 2.817 Thread 0x000002659afb3150 Exception <a 'java/lang/NoSuchMethodError'{0x000000008a550d68}: 'void java.lang.invoke.DirectMethodHandle$Holder.invokeSpecial(java.lang.Object, java.lang.Object, java.lang.Object, int)'> (0x000000008a550d68) 
thrown [s\open\src\hotspot\share\interpreter\linkResolver.cpp, line 773]
Event: 2.818 Thread 0x000002659afb3150 Exception <a 'java/lang/NoSuchMethodError'{0x000000008a554428}: 'void java.lang.invoke.DelegatingMethodHandle$Holder.reinvoke_L(java.lang.Object, java.lang.Object, int)'> (0x000000008a554428) 
thrown [s\open\src\hotspot\share\interpreter\linkResolver.cpp, line 773]

ZGC Phase Switch (0 events):
No events

VM Operations (20 events):
Event: 7.384 Executing VM operation: G1CollectForAllocation (G1 Evacuation Pause)
Event: 7.414 Executing VM operation: G1CollectForAllocation (G1 Evacuation Pause) done
Event: 7.836 Executing VM operation: HandshakeAllThreads (Deoptimize)
Event: 7.836 Executing VM operation: HandshakeAllThreads (Deoptimize) done
Event: 8.569 Executing VM operation: ICBufferFull
Event: 8.569 Executing VM operation: ICBufferFull done
Event: 9.147 Executing VM operation: G1CollectForAllocation (G1 Evacuation Pause)
Event: 9.186 Executing VM operation: G1CollectForAllocation (G1 Evacuation Pause) done
Event: 10.200 Executing VM operation: Cleanup
Event: 10.200 Executing VM operation: Cleanup done
Event: 11.211 Executing VM operation: Cleanup
Event: 11.211 Executing VM operation: Cleanup done
Event: 12.214 Executing VM operation: Cleanup
Event: 12.215 Executing VM operation: Cleanup done
Event: 13.224 Executing VM operation: Cleanup
Event: 13.224 Executing VM operation: Cleanup done
Event: 13.391 Executing VM operation: G1CollectForAllocation (G1 Evacuation Pause)
Event: 13.398 Executing VM operation: G1CollectForAllocation (G1 Evacuation Pause) done
Event: 14.406 Executing VM operation: Cleanup
Event: 14.406 Executing VM operation: Cleanup done

Events (20 events):
Event: 0.031 Thread 0x000002659afb3150 Thread added: 0x000002659afb3150
Event: 0.045 Thread 0x00000265b9a3c6d0 Thread added: 0x00000265b9a3c6d0
Event: 0.045 Thread 0x00000265b9a3d4e0 Thread added: 0x00000265b9a3d4e0
Event: 0.046 Thread 0x00000265b9a3f1a0 Thread added: 0x00000265b9a3f1a0
Event: 0.046 Thread 0x00000265b9a3fcf0 Thread added: 0x00000265b9a3fcf0
Event: 0.046 Thread 0x00000265b9a40970 Thread added: 0x00000265b9a40970
Event: 0.046 Thread 0x00000265b9a415f0 Thread added: 0x00000265b9a415f0
Event: 0.046 Thread 0x00000265b9a529a0 Thread added: 0x00000265b9a529a0
Event: 0.046 Thread 0x00000265b9a56460 Thread added: 0x00000265b9a56460
Event: 0.063 Thread 0x00000265b9d0fcd0 Thread added: 0x00000265b9d0fcd0
Event: 0.066 Thread 0x00000265b9d22c70 Thread added: 0x00000265b9d22c70
Event: 0.254 Thread 0x00000265b9f4e260 Thread added: 0x00000265b9f4e260
Event: 0.380 Thread 0x00000265ff131b20 Thread added: 0x00000265ff131b20
Event: 0.762 Thread 0x00000265b9f4e260 Thread exited: 0x00000265b9f4e260
Event: 1.635 Thread 0x00000265ff131b20 Thread exited: 0x00000265ff131b20
Event: 2.496 Thread 0x00000265802b4f50 Thread added: 0x00000265802b4f50
Event: 7.456 Thread 0x0000026580cc2460 Thread added: 0x0000026580cc2460
Event: 8.261 Thread 0x0000026580cc2460 Thread exited: 0x0000026580cc2460
Event: 11.588 Thread 0x00000265809fce20 Thread added: 0x00000265809fce20
Event: 12.608 Thread 0x00000265809fce20 Thread exited: 0x00000265809fce20


Dynamic libraries:
0x00007ff600710000 - 0x00007ff600720000 	C:\Program Files\Java\jdk-21\bin\java.exe
0x00007ff8e2490000 - 0x00007ff8e26a6000 	C:\Windows\SYSTEM32\ntdll.dll
0x00007ff8e09e0000 - 0x00007ff8e0aa4000 	C:\Windows\System32\KERNEL32.DLL
0x00007ff8df7d0000 - 0x00007ff8dfb76000 	C:\Windows\System32\KERNELBASE.dll
0x00007ff8e00c0000 - 0x00007ff8e01d1000 	C:\Windows\System32\ucrtbase.dll
0x00007ff8c59b0000 - 0x00007ff8c59cb000 	C:\Program Files\Java\jdk-21\bin\VCRUNTIME140.dll
0x00007ff8c5990000 - 0x00007ff8c59a9000 	C:\Program Files\Java\jdk-21\bin\jli.dll
0x00007ff8e0730000 - 0x00007ff8e07e2000 	C:\Windows\System32\ADVAPI32.dll
0x00007ff8e01e0000 - 0x00007ff8e0287000 	C:\Windows\System32\msvcrt.dll
0x00007ff8e1c50000 - 0x00007ff8e1cf8000 	C:\Windows\System32\sechost.dll
0x00007ff8dfc40000 - 0x00007ff8dfc68000 	C:\Windows\System32\bcrypt.dll
0x00007ff8e1e60000 - 0x00007ff8e1f75000 	C:\Windows\System32\RPCRT4.dll
0x00007ff8e18b0000 - 0x00007ff8e1a5d000 	C:\Windows\System32\USER32.dll
0x00007ff8dfe30000 - 0x00007ff8dfe56000 	C:\Windows\System32\win32u.dll
0x00007ff8c2940000 - 0x00007ff8c2bd3000 	C:\Windows\WinSxS\amd64_microsoft.windows.common-controls_6595b64144ccf1df_6.0.22621.3235_none_270f74e173860f98\COMCTL32.dll
0x00007ff8e07f0000 - 0x00007ff8e0819000 	C:\Windows\System32\GDI32.dll
0x00007ff8dfd10000 - 0x00007ff8dfe28000 	C:\Windows\System32\gdi32full.dll
0x00007ff8dfc70000 - 0x00007ff8dfd0a000 	C:\Windows\System32\msvcp_win.dll
0x00007ff8d2350000 - 0x00007ff8d235a000 	C:\Windows\SYSTEM32\VERSION.dll
0x00007ff8e0820000 - 0x00007ff8e0851000 	C:\Windows\System32\IMM32.DLL
0x00007ff8c62c0000 - 0x00007ff8c62cc000 	C:\Program Files\Java\jdk-21\bin\vcruntime140_1.dll
0x00007ff891e40000 - 0x00007ff891ece000 	C:\Program Files\Java\jdk-21\bin\msvcp140.dll
0x00007fffbbf90000 - 0x00007fffbcca7000 	C:\Program Files\Java\jdk-21\bin\server\jvm.dll
0x00007ff8e02b0000 - 0x00007ff8e0321000 	C:\Windows\System32\WS2_32.dll
0x00007ff8df4f0000 - 0x00007ff8df53d000 	C:\Windows\SYSTEM32\POWRPROF.dll
0x00007ff8d5160000 - 0x00007ff8d5194000 	C:\Windows\SYSTEM32\WINMM.dll
0x00007ff8df4d0000 - 0x00007ff8df4e3000 	C:\Windows\SYSTEM32\UMPDC.dll
0x00007ff8de7d0000 - 0x00007ff8de7e8000 	C:\Windows\SYSTEM32\kernel.appcore.dll
0x00007ff8c6130000 - 0x00007ff8c613a000 	C:\Program Files\Java\jdk-21\bin\jimage.dll
0x00007ff8dd0b0000 - 0x00007ff8dd2e3000 	C:\Windows\SYSTEM32\DBGHELP.DLL
0x00007ff8e1fc0000 - 0x00007ff8e2348000 	C:\Windows\System32\combase.dll
0x00007ff8e0420000 - 0x00007ff8e04f7000 	C:\Windows\System32\OLEAUT32.dll
0x00007ff8a8b70000 - 0x00007ff8a8ba2000 	C:\Windows\SYSTEM32\dbgcore.DLL
0x00007ff8e0040000 - 0x00007ff8e00ba000 	C:\Windows\System32\bcryptPrimitives.dll
0x00007ff8ac080000 - 0x00007ff8ac09f000 	C:\Program Files\Java\jdk-21\bin\java.dll
0x00007ff8e0b20000 - 0x00007ff8e137d000 	C:\Windows\System32\SHELL32.dll
0x00007ff8dd6e0000 - 0x00007ff8ddfd8000 	C:\Windows\SYSTEM32\windows.storage.dll
0x00007ff8dd5a0000 - 0x00007ff8dd6de000 	C:\Windows\SYSTEM32\wintypes.dll
0x00007ff8e2350000 - 0x00007ff8e2443000 	C:\Windows\System32\SHCORE.dll
0x00007ff8e03c0000 - 0x00007ff8e041e000 	C:\Windows\System32\shlwapi.dll
0x00007ff8df700000 - 0x00007ff8df726000 	C:\Windows\SYSTEM32\profapi.dll
0x00007ff841e50000 - 0x00007ff841f27000 	C:\Program Files\Java\jdk-21\bin\jsvml.dll
0x00007ff8c3580000 - 0x00007ff8c3590000 	C:\Program Files\Java\jdk-21\bin\net.dll
0x00007ff8d97a0000 - 0x00007ff8d98d7000 	C:\Windows\SYSTEM32\WINHTTP.dll
0x00007ff8dec40000 - 0x00007ff8deca9000 	C:\Windows\system32\mswsock.dll
0x00007ff8ac060000 - 0x00007ff8ac076000 	C:\Program Files\Java\jdk-21\bin\nio.dll
0x00007ff8ac000000 - 0x00007ff8ac018000 	C:\Program Files\Java\jdk-21\bin\zip.dll
0x00007ff8d9590000 - 0x00007ff8d95b4000 	C:\Users\Dell\.m2\wrapper\dists\apache-maven-3.9.9\977a63e90f436cd6ade95b4c0e10c20c\lib\jansi-native\Windows\x86_64\jansi.dll
0x00007ff8a9bb0000 - 0x00007ff8a9bc0000 	C:\Program Files\Java\jdk-21\bin\verify.dll

dbghelp: loaded successfully - version: 4.0.5 - missing functions: none
symbol engine: initialized successfully - sym options: 0x614 - pdb path: .;C:\Program Files\Java\jdk-21\bin;C:\Windows\SYSTEM32;C:\Windows\WinSxS\amd64_microsoft.windows.common-controls_6595b64144ccf1df_6.0.22621.3235_none_270f74e173860f98;C:\Program Files\Java\jdk-21\bin\server;C:\Users\Dell\.m2\wrapper\dists\apache-maven-3.9.9\977a63e90f436cd6ade95b4c0e10c20c\lib\jansi-native\Windows\x86_64

VM Arguments:
jvm_args: -Dclassworlds.conf=C:\Users\Dell\.m2\wrapper\dists\apache-maven-3.9.9\977a63e90f436cd6ade95b4c0e10c20c\bin\m2.conf -Dmaven.home=C:\Users\Dell\.m2\wrapper\dists\apache-maven-3.9.9\977a63e90f436cd6ade95b4c0e10c20c -Dlibrary.jansi.path=C:\Users\Dell\.m2\wrapper\dists\apache-maven-3.9.9\977a63e90f436cd6ade95b4c0e10c20c\lib\jansi-native -Dmaven.multiModuleProjectDirectory=D:\HomeService\HomeService-backend 
java_command: org.codehaus.plexus.classworlds.launcher.Launcher clean install
java_class_path (initial): C:\Users\Dell\.m2\wrapper\dists\apache-maven-3.9.9\977a63e90f436cd6ade95b4c0e10c20c\boot\plexus-classworlds-2.8.0.jar
Launcher Type: SUN_STANDARD

[Global flags]
     intx CICompilerCount                          = 4                                         {product} {ergonomic}
     uint ConcGCThreads                            = 2                                         {product} {ergonomic}
     uint G1ConcRefinementThreads                  = 8                                         {product} {ergonomic}
   size_t G1HeapRegionSize                         = 1048576                                   {product} {ergonomic}
    uintx GCDrainStackTargetSize                   = 64                                        {product} {ergonomic}
   size_t InitialHeapSize                          = 130023424                                 {product} {ergonomic}
   size_t MarkStackSize                            = 4194304                                   {product} {ergonomic}
   size_t MaxHeapSize                              = 2078277632                                {product} {ergonomic}
   size_t MaxNewSize                               = 1246756864                                {product} {ergonomic}
   size_t MinHeapDeltaBytes                        = 1048576                                   {product} {ergonomic}
   size_t MinHeapSize                              = 8388608                                   {product} {ergonomic}
    uintx NonNMethodCodeHeapSize                   = 5839372                                {pd product} {ergonomic}
    uintx NonProfiledCodeHeapSize                  = 122909434                              {pd product} {ergonomic}
    uintx ProfiledCodeHeapSize                     = 122909434                              {pd product} {ergonomic}
    uintx ReservedCodeCacheSize                    = 251658240                              {pd product} {ergonomic}
     bool SegmentedCodeCache                       = true                                      {product} {ergonomic}
   size_t SoftMaxHeapSize                          = 2078277632                             {manageable} {ergonomic}
     bool UseCompressedOops                        = true                           {product lp64_product} {ergonomic}
     bool UseG1GC                                  = true                                      {product} {ergonomic}
     bool UseLargePagesIndividualAllocation        = false                                  {pd product} {ergonomic}

Logging:
Log output configuration:
 #0: stdout all=warning uptime,level,tags foldmultilines=false
 #1: stderr all=off uptime,level,tags foldmultilines=false

Environment Variables:
JAVA_HOME=C:\Program Files\Java\jdk-21
PATH=C:\Program Files\Microsoft MPI\Bin\;C:\Program Files\Python312\Scripts\;C:\Program Files\Python312\;C:\Program Files\Common Files\Oracle\Java\javapath;C:\Program Files (x86)\Common Files\Oracle\Java\javapath;C:\Windows\system32;C:\Windows;C:\Windows\System32\Wbem;C:\Windows\System32\WindowsPowerShell\v1.0\;C:\Windows\System32\OpenSSH\;C:\Program Files\Microsoft SQL Server\150\Tools\Binn\;C:\Program Files\Microsoft SQL Server\Client SDK\ODBC\170\Tools\Binn\;C:\Program Files\dotnet\;C:\Program Files\Java\jdk-21\bin;C:\Users\Dell\Downloads\antlr-4.9.2-complete.jar;C:\Program Files (x86)\Microsoft SQL Server\160\Tools\Binn\;C:\Program Files\Microsoft SQL Server\160\Tools\Binn\;C:\Program Files\Microsoft SQL Server\160\DTS\Binn\;C:\Program Files (x86)\Microsoft SQL Server\160\DTS\Binn\;C:\Program Files\Azure Data Studio\bin;C:\Program Files\Git\cmd;C:\Users\Dell\AppData\Roaming\nvm;C:\Program Files\nodejs;C:\apache-maven-3.9.6\bin;C:\Program Files\Docker\Docker\resources\bin;C:\Program Files\PuTTY\;C:\xampp\php;C:\composer;C:\Users\Dell\AppData\Local\Microsoft\WindowsApps;C:\Users\Dell\AppData\Local\Programs\Microsoft VS Code\bin;C:\Users\Dell\.dotnet\tools;C:\Program Files\Azure Data Studio\bin;C:\Users\Dell\AppData\Roaming\npm;C:\Users\Dell\AppData\Roaming\nvm;C:\Program Files\nodejs;C:\Users\Dell\AppData\Roaming\Composer\vendor\bin
USERNAME=Dell
OS=Windows_NT
PROCESSOR_IDENTIFIER=Intel64 Family 6 Model 140 Stepping 1, GenuineIntel
TMP=C:\Users\Dell\AppData\Local\Temp
TEMP=C:\Users\Dell\AppData\Local\Temp




Periodic native trim disabled

---------------  S Y S T E M  ---------------

OS:
 Windows 11 , 64 bit Build 22621 (10.0.22621.3235)
OS uptime: 19 days 6:38 hours
Hyper-V role detected

CPU: total 8 (initial active 8) (4 cores per cpu, 2 threads per core) family 6 model 140 stepping 1 microcode 0xb4, cx8, cmov, fxsr, ht, mmx, 3dnowpref, sse, sse2, sse3, ssse3, sse4.1, sse4.2, popcnt, lzcnt, tsc, tscinvbit, avx, avx2, aes, erms, clmul, bmi1, bmi2, adx, avx512f, avx512dq, avx512cd, avx512bw, avx512vl, sha, fma, vzeroupper, avx512_vpopcntdq, avx512_vpclmulqdq, avx512_vaes, avx512_vnni, clflush, clflushopt, clwb, avx512_vbmi2, avx512_vbmi, hv, rdtscp, rdpid, fsrm, gfni, avx512_bitalg, f16c, cet_ibt, cet_ss, avx512_ifma
Processor Information for all 8 processors :
  Max Mhz: 1382, Current Mhz: 1382, Mhz Limit: 1382

Memory: 4k page, system-wide physical 7926M (321M free)
TotalPageFile size 32502M (AvailPageFile size 48M)
current process WorkingSet (physical memory assigned to process): 182M, peak: 196M
current process commit charge ("private bytes"): 249M, peak: 264M

vm_info: Java HotSpot(TM) 64-Bit Server VM (21.0.2+13-LTS-58) for windows-amd64 JRE (21.0.2+13-LTS-58), built on 2024-01-05T18:32:24Z by "mach5one" with MS VC++ 17.1 (VS2022)

END.
